build/outputs/logs/manifest-merger-debug-report.txt
-- Merging decision tree log ---
manifest
ADDED from tutorial/SimpleRoutingSolution/AndroidManifest.xml:2:1-28:12
	package
		ADDED from tutorial/SimpleRoutingSolution/AndroidManifest.xml:2:120-160
	android:versionName
		ADDED from tutorial/SimpleRoutingSolution/AndroidManifest.xml:2:94-119
	android:versionCode
		ADDED from tutorial/SimpleRoutingSolution/AndroidManifest.xml:2:70-93
		INJECTED from tutorial/SimpleRoutingSolution/AndroidManifest.xml
		INJECTED from tutorial/SimpleRoutingSolution/AndroidManifest.xml
	xmlns:android
		ADDED from tutorial/SimpleRoutingSolution/AndroidManifest.xml:2:11-69
uses-sdk
ADDED from tutorial/SimpleRoutingSolution/AndroidManifest.xml:4:5-73
	android:targetSdkVersion
		ADDED from tutorial/SimpleRoutingSolution/AndroidManifest.xml:4:42-71
	android:minSdkVersion
		ADDED from tutorial/SimpleRoutingSolution/AndroidManifest.xml:4:15-41
uses-permission#android.permission.ACCESS_FINE_LOCATION
ADDED from tutorial/SimpleRoutingSolution/AndroidManifest.xml:6:5-78
	android:name
		ADDED from tutorial/SimpleRoutingSolution/AndroidManifest.xml:6:22-76
uses-permission#android.permission.WRITE_EXTERNAL_STORAGE
ADDED from tutorial/SimpleRoutingSolution/AndroidManifest.xml:7:5-80
	android:name
		ADDED from tutorial/SimpleRoutingSolution/AndroidManifest.xml:7:22-78
uses-permission#android.permission.ACCESS_NETWORK_STATE
ADDED from tutorial/SimpleRoutingSolution/AndroidManifest.xml:8:5-78
	android:name
		ADDED from tutorial/SimpleRoutingSolution/AndroidManifest.xml:8:22-76
uses-permission#android.permission.CHANGE_NETWORK_STATE
ADDED from tutorial/SimpleRoutingSolution/AndroidManifest.xml:9:5-78
	android:name
		ADDED from tutorial/SimpleRoutingSolution/AndroidManifest.xml:9:22-76
uses-permission#android.permission.INTERNET
ADDED from tutorial/SimpleRoutingSolution/AndroidManifest.xml:10:5-66
	android:name
		ADDED from tutorial/SimpleRoutingSolution/AndroidManifest.xml:10:22-64
uses-permission#android.permission.ACCESS_WIFI_STATE
ADDED from tutorial/SimpleRoutingSolution/AndroidManifest.xml:11:5-75
	android:name
		ADDED from tutorial/SimpleRoutingSolution/AndroidManifest.xml:11:22-73
uses-permission#android.permission.ACCESS_COARSE_LOCATION
ADDED from tutorial/SimpleRoutingSolution/AndroidManifest.xml:12:5-80
	android:name
		ADDED from tutorial/SimpleRoutingSolution/AndroidManifest.xml:12:22-78
application
ADDED from tutorial/SimpleRoutingSolution/AndroidManifest.xml:14:5-27:19
	android:label
		ADDED from tutorial/SimpleRoutingSolution/AndroidManifest.xml:14:48-80
	android:icon
		ADDED from tutorial/SimpleRoutingSolution/AndroidManifest.xml:14:18-47
activity#com.mapstutorial.simplerouting.RoutingActivity
ADDED from tutorial/SimpleRoutingSolution/AndroidManifest.xml:16:9-21:20
	android:label
		ADDED from tutorial/SimpleRoutingSolution/AndroidManifest.xml:16:19-62
	android:name
		ADDED from tutorial/SimpleRoutingSolution/AndroidManifest.xml:16:63-94
intent-filter#android.intent.action.MAIN+android.intent.category.LAUNCHER
ADDED from tutorial/SimpleRoutingSolution/AndroidManifest.xml:17:13-20:29
action#android.intent.action.MAIN
ADDED from tutorial/SimpleRoutingSolution/AndroidManifest.xml:18:17-68
	android:name
		ADDED from tutorial/SimpleRoutingSolution/AndroidManifest.xml:18:25-66
category#android.intent.category.LAUNCHER
ADDED from tutorial/SimpleRoutingSolution/AndroidManifest.xml:19:17-76
	android:name
		ADDED from tutorial/SimpleRoutingSolution/AndroidManifest.xml:19:27-74
meta-data#com.here.android.maps.appid
ADDED from tutorial/SimpleRoutingSolution/AndroidManifest.xml:23:9-101
	android:value
		ADDED from tutorial/SimpleRoutingSolution/AndroidManifest.xml:23:63-99
	android:name
		ADDED from tutorial/SimpleRoutingSolution/AndroidManifest.xml:23:20-62
meta-data#com.here.android.maps.apptoken
ADDED from tutorial/SimpleRoutingSolution/AndroidManifest.xml:24:9-106
	android:value
		ADDED from tutorial/SimpleRoutingSolution/AndroidManifest.xml:24:66-104
	android:name
		ADDED from tutorial/SimpleRoutingSolution/AndroidManifest.xml:24:20-65
meta-data#com.google.android.gms.version
ADDED from tutorial/SimpleRoutingSolution/AndroidManifest.xml:25:9-91
	android:value
		ADDED from tutorial/SimpleRoutingSolution/AndroidManifest.xml:25:66-89
	android:name
		ADDED from tutorial/SimpleRoutingSolution/AndroidManifest.xml:25:20-65